<?xml version='1.0' encoding='UTF-8'?>
<testsuite hostname="yian" name="SimpleSpec" tests="1" errors="0" failures="0" skipped="0" time="1.709" timestamp="2024-09-20T09:27:15">
          <properties>
      <property name="jline.esc.timeout" value="0"/><property name="jna.platform.library.path" value="/usr/lib64:/lib64:/usr/lib:/lib:/usr/lib64/dyninst:/usr/lib64/qt-3.3/lib:/usr/lib64/mysql:/usr/lib64/iscsi:/usr/lib64//bind9-export"/><property name="java.runtime.name" value="OpenJDK Runtime Environment"/><property name="sun.boot.library.path" value="/usr/lib/jvm/java-1.8.0-openjdk-1.8.0.412.b08-1.el7_9.x86_64/jre/lib/amd64"/><property name="java.vm.version" value="25.412-b08"/><property name="java.vm.vendor" value="Red Hat, Inc."/><property name="java.vendor.url" value="https://www.redhat.com/"/><property name="path.separator" value=":"/><property name="jna.loaded" value="true"/><property name="java.vm.name" value="OpenJDK 64-Bit Server VM"/><property name="file.encoding.pkg" value="sun.io"/><property name="user.country" value="CN"/><property name="sun.java.launcher" value="SUN_STANDARD"/><property name="sun.os.patch.level" value="unknown"/><property name="jna.nosys" value="true"/><property name="java.vm.specification.name" value="Java Virtual Machine Specification"/><property name="user.dir" value="/mnt/nvme0/git/FPGA_in_chisel/and"/><property name="java.runtime.version" value="1.8.0_412-b08"/><property name="java.awt.graphicsenv" value="sun.awt.X11GraphicsEnvironment"/><property name="java.endorsed.dirs" value="/usr/lib/jvm/java-1.8.0-openjdk-1.8.0.412.b08-1.el7_9.x86_64/jre/lib/endorsed"/><property name="os.arch" value="amd64"/><property name="java.io.tmpdir" value="/tmp"/><property name="line.separator" value="
"/><property name="java.vm.specification.vendor" value="Oracle Corporation"/><property name="log4j.ignoreTCL" value="true"/><property name="os.name" value="Linux"/><property name="sun.jnu.encoding" value="UTF-8"/><property name="jnidispatch.path" value="/root/.cache/JNA/temp/jna7881257460563628158.tmp"/><property name="java.library.path" value="/usr/java/packages/lib/amd64:/usr/lib64:/lib64:/lib:/usr/lib"/><property name="java.specification.name" value="Java Platform API Specification"/><property name="java.class.version" value="52.0"/><property name="sbt.ipcsocket.tmpdir" value="/run/user/0/.sbt82f575fe/ipcsocket"/><property name="sun.management.compiler" value="HotSpot 64-Bit Tiered Compilers"/><property name="os.version" value="3.10.0-1160.el7.x86_64"/><property name="swoval.tmpdir" value="/run/user/0/.sbt82f575fe/swoval"/><property name="user.home" value="/root"/><property name="user.timezone" value="America/Los_Angeles"/><property name="java.awt.printerjob" value="sun.print.PSPrinterJob"/><property name="file.encoding" value="UTF-8"/><property name="java.specification.version" value="1.8"/><property name="java.class.path" value="/root/.cache/sbt/boot/sbt-launch/1.10.2/sbt-launch-1.10.2.jar"/><property name="user.name" value="root"/><property name="jline.shutdownhook" value="false"/><property name="java.vm.specification.version" value="1.8"/><property name="sun.java.command" value="/root/.cache/sbt/boot/sbt-launch/1.10.2/sbt-launch-1.10.2.jar testOnly SimpleSpec"/><property name="java.home" value="/usr/lib/jvm/java-1.8.0-openjdk-1.8.0.412.b08-1.el7_9.x86_64/jre"/><property name="sun.arch.data.model" value="64"/><property name="user.language" value="zh"/><property name="java.specification.vendor" value="Oracle Corporation"/><property name="awt.toolkit" value="sun.awt.X11.XToolkit"/><property name="java.vm.info" value="mixed mode"/><property name="java.version" value="1.8.0_412"/><property name="java.ext.dirs" value="/usr/lib/jvm/java-1.8.0-openjdk-1.8.0.412.b08-1.el7_9.x86_64/jre/lib/ext:/usr/java/packages/lib/ext"/><property name="sun.boot.class.path" value="/usr/lib/jvm/java-1.8.0-openjdk-1.8.0.412.b08-1.el7_9.x86_64/jre/lib/resources.jar:/usr/lib/jvm/java-1.8.0-openjdk-1.8.0.412.b08-1.el7_9.x86_64/jre/lib/rt.jar:/usr/lib/jvm/java-1.8.0-openjdk-1.8.0.412.b08-1.el7_9.x86_64/jre/lib/sunrsasign.jar:/usr/lib/jvm/java-1.8.0-openjdk-1.8.0.412.b08-1.el7_9.x86_64/jre/lib/jsse.jar:/usr/lib/jvm/java-1.8.0-openjdk-1.8.0.412.b08-1.el7_9.x86_64/jre/lib/jce.jar:/usr/lib/jvm/java-1.8.0-openjdk-1.8.0.412.b08-1.el7_9.x86_64/jre/lib/charsets.jar:/usr/lib/jvm/java-1.8.0-openjdk-1.8.0.412.b08-1.el7_9.x86_64/jre/lib/jfr.jar:/usr/lib/jvm/java-1.8.0-openjdk-1.8.0.412.b08-1.el7_9.x86_64/jre/classes"/><property name="java.vendor" value="Red Hat, Inc."/><property name="java.specification.maintenance.version" value="5"/><property name="file.separator" value="/"/><property name="java.vendor.url.bug" value="https://access.redhat.com/support/cases/"/><property name="sun.io.unicode.encoding" value="UnicodeLittle"/><property name="sun.cpu.endian" value="little"/><property name="sbt.script" value="/usr/bin/sbt"/><property name="sun.cpu.isalist" value=""/>
    </properties>
          <testcase classname="SimpleSpec" name="Tester should pass" time="1.709">
                      
                    </testcase>
          <system-out><![CDATA[]]></system-out>
          <system-err><![CDATA[]]></system-err>
        </testsuite>